The system is: Linux - 3.13.0-24-generic - x86_64
Compiling the C compiler identification source file "CMakeCCompilerId.c" succeeded.
Compiler: /home/kevin/Desktop/emsdk_portable/emscripten/master/emcc 
Build flags: 
Id flags: 

The output was:
0


Compilation of the C compiler identification source "CMakeCCompilerId.c" produced "a.out.js"

Compiling the C compiler identification source file "CMakeCCompilerId.c" succeeded.
Compiler: /home/kevin/Desktop/emsdk_portable/emscripten/master/emcc 
Build flags: 
Id flags: -c

The output was:
0


Compilation of the C compiler identification source "CMakeCCompilerId.c" produced "CMakeCCompilerId.o"

Compiling the C compiler identification source file "CMakeCCompilerId.c" succeeded.
Compiler: /home/kevin/Desktop/emsdk_portable/emscripten/master/emcc 
Build flags: 
Id flags: -Aa

The output was:
0
clang-3.7: warning: argument unused during compilation: '-Aa'


Compilation of the C compiler identification source "CMakeCCompilerId.c" produced "a.out.js"

Compiling the CXX compiler identification source file "CMakeCXXCompilerId.cpp" succeeded.
Compiler: /home/kevin/Desktop/emsdk_portable/emscripten/master/em++ 
Build flags: 
Id flags: 

The output was:
0


Compilation of the CXX compiler identification source "CMakeCXXCompilerId.cpp" produced "a.out.js"

Compiling the CXX compiler identification source file "CMakeCXXCompilerId.cpp" succeeded.
Compiler: /home/kevin/Desktop/emsdk_portable/emscripten/master/em++ 
Build flags: 
Id flags: -c

The output was:
0


Compilation of the CXX compiler identification source "CMakeCXXCompilerId.cpp" produced "CMakeCXXCompilerId.o"

Determining if the C compiler works passed with the following output:
Change Dir: /home/kevin/Desktop/Projects/C++/LD34/build/webGL/CMakeFiles/CMakeTmp

Run Build Command:/usr/bin/make "cmTryCompileExec2053305677/fast"
/usr/bin/make -f CMakeFiles/cmTryCompileExec2053305677.dir/build.make CMakeFiles/cmTryCompileExec2053305677.dir/build
make[1]: Entering directory `/home/kevin/Desktop/Projects/C++/LD34/build/webGL/CMakeFiles/CMakeTmp'
/usr/bin/cmake -E cmake_progress_report /home/kevin/Desktop/Projects/C++/LD34/build/webGL/CMakeFiles/CMakeTmp/CMakeFiles 1
Building C object CMakeFiles/cmTryCompileExec2053305677.dir/testCCompiler.c.o
/home/kevin/Desktop/emsdk_portable/emscripten/master/emcc    -o CMakeFiles/cmTryCompileExec2053305677.dir/testCCompiler.c.o   -c /home/kevin/Desktop/Projects/C++/LD34/build/webGL/CMakeFiles/CMakeTmp/testCCompiler.c
Linking C executable cmTryCompileExec2053305677
/usr/bin/cmake -E cmake_link_script CMakeFiles/cmTryCompileExec2053305677.dir/link.txt --verbose=1
/home/kevin/Desktop/emsdk_portable/emscripten/master/emcc       CMakeFiles/cmTryCompileExec2053305677.dir/testCCompiler.c.o  -o cmTryCompileExec2053305677  
make[1]: Leaving directory `/home/kevin/Desktop/Projects/C++/LD34/build/webGL/CMakeFiles/CMakeTmp'


Detecting C compiler ABI info compiled with the following output:
Change Dir: /home/kevin/Desktop/Projects/C++/LD34/build/webGL/CMakeFiles/CMakeTmp

Run Build Command:/usr/bin/make "cmTryCompileExec132068390/fast"
/usr/bin/make -f CMakeFiles/cmTryCompileExec132068390.dir/build.make CMakeFiles/cmTryCompileExec132068390.dir/build
make[1]: Entering directory `/home/kevin/Desktop/Projects/C++/LD34/build/webGL/CMakeFiles/CMakeTmp'
/usr/bin/cmake -E cmake_progress_report /home/kevin/Desktop/Projects/C++/LD34/build/webGL/CMakeFiles/CMakeTmp/CMakeFiles 1
Building C object CMakeFiles/cmTryCompileExec132068390.dir/CMakeCCompilerABI.c.o
/home/kevin/Desktop/emsdk_portable/emscripten/master/emcc    -o CMakeFiles/cmTryCompileExec132068390.dir/CMakeCCompilerABI.c.o   -c /usr/share/cmake-2.8/Modules/CMakeCCompilerABI.c
Linking C executable cmTryCompileExec132068390
/usr/bin/cmake -E cmake_link_script CMakeFiles/cmTryCompileExec132068390.dir/link.txt --verbose=1
/home/kevin/Desktop/emsdk_portable/emscripten/master/emcc       CMakeFiles/cmTryCompileExec132068390.dir/CMakeCCompilerABI.c.o  -o cmTryCompileExec132068390   
make[1]: Leaving directory `/home/kevin/Desktop/Projects/C++/LD34/build/webGL/CMakeFiles/CMakeTmp'


Determining if the CXX compiler works passed with the following output:
Change Dir: /home/kevin/Desktop/Projects/C++/LD34/build/webGL/CMakeFiles/CMakeTmp

Run Build Command:/usr/bin/make "cmTryCompileExec3985235878/fast"
/usr/bin/make -f CMakeFiles/cmTryCompileExec3985235878.dir/build.make CMakeFiles/cmTryCompileExec3985235878.dir/build
make[1]: Entering directory `/home/kevin/Desktop/Projects/C++/LD34/build/webGL/CMakeFiles/CMakeTmp'
/usr/bin/cmake -E cmake_progress_report /home/kevin/Desktop/Projects/C++/LD34/build/webGL/CMakeFiles/CMakeTmp/CMakeFiles 1
Building CXX object CMakeFiles/cmTryCompileExec3985235878.dir/testCXXCompiler.cxx.o
/home/kevin/Desktop/emsdk_portable/emscripten/master/em++     -o CMakeFiles/cmTryCompileExec3985235878.dir/testCXXCompiler.cxx.o -c /home/kevin/Desktop/Projects/C++/LD34/build/webGL/CMakeFiles/CMakeTmp/testCXXCompiler.cxx
Linking CXX executable cmTryCompileExec3985235878
/usr/bin/cmake -E cmake_link_script CMakeFiles/cmTryCompileExec3985235878.dir/link.txt --verbose=1
/home/kevin/Desktop/emsdk_portable/emscripten/master/em++        CMakeFiles/cmTryCompileExec3985235878.dir/testCXXCompiler.cxx.o  -o cmTryCompileExec3985235878  
make[1]: Leaving directory `/home/kevin/Desktop/Projects/C++/LD34/build/webGL/CMakeFiles/CMakeTmp'


Detecting CXX compiler ABI info compiled with the following output:
Change Dir: /home/kevin/Desktop/Projects/C++/LD34/build/webGL/CMakeFiles/CMakeTmp

Run Build Command:/usr/bin/make "cmTryCompileExec768517924/fast"
/usr/bin/make -f CMakeFiles/cmTryCompileExec768517924.dir/build.make CMakeFiles/cmTryCompileExec768517924.dir/build
make[1]: Entering directory `/home/kevin/Desktop/Projects/C++/LD34/build/webGL/CMakeFiles/CMakeTmp'
/usr/bin/cmake -E cmake_progress_report /home/kevin/Desktop/Projects/C++/LD34/build/webGL/CMakeFiles/CMakeTmp/CMakeFiles 1
Building CXX object CMakeFiles/cmTryCompileExec768517924.dir/CMakeCXXCompilerABI.cpp.o
/home/kevin/Desktop/emsdk_portable/emscripten/master/em++     -o CMakeFiles/cmTryCompileExec768517924.dir/CMakeCXXCompilerABI.cpp.o -c /usr/share/cmake-2.8/Modules/CMakeCXXCompilerABI.cpp
Linking CXX executable cmTryCompileExec768517924
/usr/bin/cmake -E cmake_link_script CMakeFiles/cmTryCompileExec768517924.dir/link.txt --verbose=1
/home/kevin/Desktop/emsdk_portable/emscripten/master/em++        CMakeFiles/cmTryCompileExec768517924.dir/CMakeCXXCompilerABI.cpp.o  -o cmTryCompileExec768517924   
make[1]: Leaving directory `/home/kevin/Desktop/Projects/C++/LD34/build/webGL/CMakeFiles/CMakeTmp'


