Determining if the pthread_create exist failed with the following output:
Change Dir: /home/kevin/Desktop/Projects/C++/LD34/build/CMakeFiles/CMakeTmp

Run Build Command:/usr/bin/make "cmTryCompileExec1744522307/fast"
/usr/bin/make -f CMakeFiles/cmTryCompileExec1744522307.dir/build.make CMakeFiles/cmTryCompileExec1744522307.dir/build
make[1]: Entering directory `/home/kevin/Desktop/Projects/C++/LD34/build/CMakeFiles/CMakeTmp'
/usr/bin/cmake -E cmake_progress_report /home/kevin/Desktop/Projects/C++/LD34/build/CMakeFiles/CMakeTmp/CMakeFiles 1
Building C object CMakeFiles/cmTryCompileExec1744522307.dir/CheckSymbolExists.c.o
/usr/bin/cc   -Wall    -Wall     -o CMakeFiles/cmTryCompileExec1744522307.dir/CheckSymbolExists.c.o   -c /home/kevin/Desktop/Projects/C++/LD34/build/CMakeFiles/CMakeTmp/CheckSymbolExists.c
Linking C executable cmTryCompileExec1744522307
/usr/bin/cmake -E cmake_link_script CMakeFiles/cmTryCompileExec1744522307.dir/link.txt --verbose=1
/usr/bin/cc     -Wall    -Wall      CMakeFiles/cmTryCompileExec1744522307.dir/CheckSymbolExists.c.o  -o cmTryCompileExec1744522307 -rdynamic 
CMakeFiles/cmTryCompileExec1744522307.dir/CheckSymbolExists.c.o: In function `main':
CheckSymbolExists.c:(.text+0x16): undefined reference to `pthread_create'
collect2: error: ld returned 1 exit status
make[1]: *** [cmTryCompileExec1744522307] Error 1
make[1]: Leaving directory `/home/kevin/Desktop/Projects/C++/LD34/build/CMakeFiles/CMakeTmp'
make: *** [cmTryCompileExec1744522307/fast] Error 2

File /home/kevin/Desktop/Projects/C++/LD34/build/CMakeFiles/CMakeTmp/CheckSymbolExists.c:
/* */
#include <pthread.h>

int main(int argc, char** argv)
{
  (void)argv;
#ifndef pthread_create
  return ((int*)(&pthread_create))[argc];
#else
  (void)argc;
  return 0;
#endif
}

Determining if the function pthread_create exists in the pthreads failed with the following output:
Change Dir: /home/kevin/Desktop/Projects/C++/LD34/build/CMakeFiles/CMakeTmp

Run Build Command:/usr/bin/make "cmTryCompileExec3820493053/fast"
/usr/bin/make -f CMakeFiles/cmTryCompileExec3820493053.dir/build.make CMakeFiles/cmTryCompileExec3820493053.dir/build
make[1]: Entering directory `/home/kevin/Desktop/Projects/C++/LD34/build/CMakeFiles/CMakeTmp'
/usr/bin/cmake -E cmake_progress_report /home/kevin/Desktop/Projects/C++/LD34/build/CMakeFiles/CMakeTmp/CMakeFiles 1
Building C object CMakeFiles/cmTryCompileExec3820493053.dir/CheckFunctionExists.c.o
/usr/bin/cc   -Wall    -Wall  -DCHECK_FUNCTION_EXISTS=pthread_create   -o CMakeFiles/cmTryCompileExec3820493053.dir/CheckFunctionExists.c.o   -c /usr/share/cmake-2.8/Modules/CheckFunctionExists.c
Linking C executable cmTryCompileExec3820493053
/usr/bin/cmake -E cmake_link_script CMakeFiles/cmTryCompileExec3820493053.dir/link.txt --verbose=1
/usr/bin/cc     -Wall    -Wall  -DCHECK_FUNCTION_EXISTS=pthread_create    CMakeFiles/cmTryCompileExec3820493053.dir/CheckFunctionExists.c.o  -o cmTryCompileExec3820493053 -rdynamic -lpthreads 
/usr/bin/ld: cannot find -lpthreads
collect2: error: ld returned 1 exit status
make[1]: Leaving directory `/home/kevin/Desktop/Projects/C++/LD34/build/CMakeFiles/CMakeTmp'
make[1]: *** [cmTryCompileExec3820493053] Error 1
make: *** [cmTryCompileExec3820493053/fast] Error 2


Determining if the function glXGetProcAddressEXT exists failed with the following output:
Change Dir: /home/kevin/Desktop/Projects/C++/LD34/build/CMakeFiles/CMakeTmp

Run Build Command:/usr/bin/make "cmTryCompileExec3064060763/fast"
/usr/bin/make -f CMakeFiles/cmTryCompileExec3064060763.dir/build.make CMakeFiles/cmTryCompileExec3064060763.dir/build
make[1]: Entering directory `/home/kevin/Desktop/Projects/C++/LD34/build/CMakeFiles/CMakeTmp'
/usr/bin/cmake -E cmake_progress_report /home/kevin/Desktop/Projects/C++/LD34/build/CMakeFiles/CMakeTmp/CMakeFiles 1
Building C object CMakeFiles/cmTryCompileExec3064060763.dir/CheckFunctionExists.c.o
/usr/bin/cc   -Wall    -Wall  -DCHECK_FUNCTION_EXISTS=glXGetProcAddressEXT   -o CMakeFiles/cmTryCompileExec3064060763.dir/CheckFunctionExists.c.o   -c /usr/share/cmake-2.8/Modules/CheckFunctionExists.c
Linking C executable cmTryCompileExec3064060763
/usr/bin/cmake -E cmake_link_script CMakeFiles/cmTryCompileExec3064060763.dir/link.txt --verbose=1
/usr/bin/cc     -Wall    -Wall  -DCHECK_FUNCTION_EXISTS=glXGetProcAddressEXT    CMakeFiles/cmTryCompileExec3064060763.dir/CheckFunctionExists.c.o  -o cmTryCompileExec3064060763 -rdynamic -lGL 
CMakeFiles/cmTryCompileExec3064060763.dir/CheckFunctionExists.c.o: In function `main':
CheckFunctionExists.c:(.text+0x15): undefined reference to `glXGetProcAddressEXT'
collect2: error: ld returned 1 exit status
make[1]: *** [cmTryCompileExec3064060763] Error 1
make[1]: Leaving directory `/home/kevin/Desktop/Projects/C++/LD34/build/CMakeFiles/CMakeTmp'
make: *** [cmTryCompileExec3064060763/fast] Error 2


